<?xml version="1.0" encoding="utf-8"?><testsuites><testsuite name="pytest" errors="0" failures="0" skipped="0" tests="32" time="97.670" timestamp="2026-03-12T20:37:41.423845" hostname="runnervm0kj6c"><testcase classname="tests.test_marketing_cloud_platform.TestMarketingCloudPlatformNavigation" name="test_navigate_to_platform_page" time="8.268" /><testcase classname="tests.test_marketing_cloud_platform.TestProductVisibility" name="test_questbrand_product_visible" time="8.281" /><testcase classname="tests.test_marketing_cloud_platform.TestPageContentVerification" name="test_page_contains_market_research_heading" time="7.653" /><testcase classname="tests.test_marketing_cloud_platform.TestProductLearnMoreLinks" name="test_questbrand_learn_more_link_present" time="7.934" /><testcase classname="tests.test_marketing_cloud_platform.TestMarketingCloudPlatformNavigation" name="test_page_loads_with_category_filters" time="4.686" /><testcase classname="tests.test_marketing_cloud_platform.TestProductLearnMoreLinks" name="test_questdiy_learn_more_link_present" time="5.372" /><testcase classname="tests.test_marketing_cloud_platform.TestPageContentVerification" name="test_page_contains_communications_heading" time="5.990" /><testcase classname="tests.test_marketing_cloud_platform.TestProductVisibility" name="test_questdiy_product_visible" time="5.780" /><testcase classname="tests.test_marketing_cloud_platform.TestMarketingCloudPlatformNavigation" name="test_page_displays_sign_up_link" time="4.296" /><testcase classname="tests.test_marketing_cloud_platform.TestProductLearnMoreLinks" name="test_smartassets_learn_more_link_present" time="5.998" /><testcase classname="tests.test_marketing_cloud_platform.TestProductVisibility" name="test_bera_ai_product_visible" time="5.332" /><testcase classname="tests.test_marketing_cloud_platform.TestPageContentVerification" name="test_page_contains_creative_media_heading" time="5.697" /><testcase classname="tests.test_marketing_cloud_platform.TestMarketingCloudPlatformNavigation" name="test_page_displays_request_demo_link" time="5.609" /><testcase classname="tests.test_marketing_cloud_platform.TestProductVisibility" name="test_questic_product_visible" time="6.055" /><testcase classname="tests.test_marketing_cloud_platform.TestProductLearnMoreLinks" name="test_cue_learn_more_link_present" time="6.357" /><testcase classname="tests.test_marketing_cloud_platform.TestPageContentVerification" name="test_page_contains_product_marketplace_heading" time="5.833" /><testcase classname="tests.test_marketing_cloud_platform.TestCategoryNavigation" name="test_market_research_filter_text_visible" time="11.283" /><testcase classname="tests.test_marketing_cloud_platform.TestProductVisibility" name="test_influence_product_visible" time="5.771" /><testcase classname="tests.test_marketing_cloud_platform.TestPageContentVerification" name="test_page_contains_platform_heading" time="6.552" /><testcase classname="tests.test_marketing_cloud_platform.TestProductLearnMoreLinks" name="test_tpp_insights_learn_more_link_present" time="6.010" /><testcase classname="tests.test_marketing_cloud_platform.TestProductVisibility" name="test_smartassets_product_visible" time="4.808" /><testcase classname="tests.test_marketing_cloud_platform.TestProductLearnMoreLinks" name="test_influence_learn_more_link_present" time="4.782" /><testcase classname="tests.test_marketing_cloud_platform.TestCategoryNavigation" name="test_communications_filter_text_visible" time="5.290" /><testcase classname="tests.test_marketing_cloud_platform.TestSignUpNavigation" name="test_sign_up_link_is_clickable" time="5.913" /><testcase classname="tests.test_marketing_cloud_platform.TestProductVisibility" name="test_cue_product_visible" time="5.544" /><testcase classname="tests.test_marketing_cloud_platform.TestProductLearnMoreLinks" name="test_bera_ai_learn_more_link_present" time="5.349" /><testcase classname="tests.test_marketing_cloud_platform.TestSignUpNavigation" name="test_sign_up_link_points_to_platform" time="5.759" /><testcase classname="tests.test_marketing_cloud_platform.TestCategoryNavigation" name="test_creative_media_filter_text_visible" time="6.467" /><testcase classname="tests.test_marketing_cloud_platform.TestProductVisibility" name="test_tpp_insights_product_visible" time="4.644" /><testcase classname="tests.test_marketing_cloud_platform.TestDemoRequestLink" name="test_request_demo_link_is_clickable" time="4.301" /><testcase classname="tests.test_marketing_cloud_platform.TestCategoryNavigation" name="test_all_products_filter_text_visible" time="7.217" /><testcase classname="tests.test_marketing_cloud_platform.TestDemoRequestLink" name="test_request_demo_link_navigates" time="10.596" /></testsuite></testsuites>