<?xml version="1.0" encoding="utf-8"?><testsuites><testsuite name="pytest" errors="0" failures="0" skipped="0" tests="32" time="87.125" timestamp="2026-03-12T20:44:54.015221" hostname="runnervm0kj6c"><testcase classname="tests.test_marketing_cloud_platform.TestProductLearnMoreLinks" name="test_questbrand_learn_more_link_present" time="6.961" /><testcase classname="tests.test_marketing_cloud_platform.TestMarketingCloudPlatformNavigation" name="test_navigate_to_platform_page" time="6.655" /><testcase classname="tests.test_marketing_cloud_platform.TestProductVisibility" name="test_questbrand_product_visible" time="6.439" /><testcase classname="tests.test_marketing_cloud_platform.TestPageContentVerification" name="test_page_contains_market_research_heading" time="6.979" /><testcase classname="tests.test_marketing_cloud_platform.TestMarketingCloudPlatformNavigation" name="test_page_loads_with_category_filters" time="5.209" /><testcase classname="tests.test_marketing_cloud_platform.TestPageContentVerification" name="test_page_contains_communications_heading" time="4.963" /><testcase classname="tests.test_marketing_cloud_platform.TestProductVisibility" name="test_questdiy_product_visible" time="5.808" /><testcase classname="tests.test_marketing_cloud_platform.TestProductLearnMoreLinks" name="test_questdiy_learn_more_link_present" time="6.025" /><testcase classname="tests.test_marketing_cloud_platform.TestProductVisibility" name="test_bera_ai_product_visible" time="4.673" /><testcase classname="tests.test_marketing_cloud_platform.TestPageContentVerification" name="test_page_contains_creative_media_heading" time="5.818" /><testcase classname="tests.test_marketing_cloud_platform.TestMarketingCloudPlatformNavigation" name="test_page_displays_sign_up_link" time="5.950" /><testcase classname="tests.test_marketing_cloud_platform.TestProductLearnMoreLinks" name="test_smartassets_learn_more_link_present" time="6.574" /><testcase classname="tests.test_marketing_cloud_platform.TestProductVisibility" name="test_questic_product_visible" time="5.825" /><testcase classname="tests.test_marketing_cloud_platform.TestMarketingCloudPlatformNavigation" name="test_page_displays_request_demo_link" time="5.504" /><testcase classname="tests.test_marketing_cloud_platform.TestPageContentVerification" name="test_page_contains_product_marketplace_heading" time="5.763" /><testcase classname="tests.test_marketing_cloud_platform.TestProductLearnMoreLinks" name="test_cue_learn_more_link_present" time="5.919" /><testcase classname="tests.test_marketing_cloud_platform.TestProductVisibility" name="test_influence_product_visible" time="4.859" /><testcase classname="tests.test_marketing_cloud_platform.TestPageContentVerification" name="test_page_contains_platform_heading" time="5.035" /><testcase classname="tests.test_marketing_cloud_platform.TestProductLearnMoreLinks" name="test_tpp_insights_learn_more_link_present" time="5.223" /><testcase classname="tests.test_marketing_cloud_platform.TestCategoryNavigation" name="test_market_research_filter_text_visible" time="5.552" /><testcase classname="tests.test_marketing_cloud_platform.TestProductVisibility" name="test_smartassets_product_visible" time="5.051" /><testcase classname="tests.test_marketing_cloud_platform.TestProductLearnMoreLinks" name="test_influence_learn_more_link_present" time="5.134" /><testcase classname="tests.test_marketing_cloud_platform.TestSignUpNavigation" name="test_sign_up_link_is_clickable" time="5.691" /><testcase classname="tests.test_marketing_cloud_platform.TestCategoryNavigation" name="test_communications_filter_text_visible" time="5.151" /><testcase classname="tests.test_marketing_cloud_platform.TestProductLearnMoreLinks" name="test_bera_ai_learn_more_link_present" time="5.419" /><testcase classname="tests.test_marketing_cloud_platform.TestCategoryNavigation" name="test_creative_media_filter_text_visible" time="5.009" /><testcase classname="tests.test_marketing_cloud_platform.TestSignUpNavigation" name="test_sign_up_link_points_to_platform" time="5.539" /><testcase classname="tests.test_marketing_cloud_platform.TestProductVisibility" name="test_cue_product_visible" time="5.952" /><testcase classname="tests.test_marketing_cloud_platform.TestProductVisibility" name="test_tpp_insights_product_visible" time="4.242" /><testcase classname="tests.test_marketing_cloud_platform.TestCategoryNavigation" name="test_all_products_filter_text_visible" time="4.517" /><testcase classname="tests.test_marketing_cloud_platform.TestDemoRequestLink" name="test_request_demo_link_is_clickable" time="4.308" /><testcase classname="tests.test_marketing_cloud_platform.TestDemoRequestLink" name="test_request_demo_link_navigates" time="1.855" /></testsuite></testsuites>