<?xml version="1.0" encoding="utf-8"?><testsuites><testsuite name="pytest" errors="0" failures="1" skipped="0" tests="1" time="105.638" timestamp="2026-03-13T18:47:41.667155" hostname="runnervm0kj6c"><testcase classname="tests.test_feature_login.TestLogin" name="test_login_page_object" time="104.029"><failure message="playwright._impl._errors.TimeoutError: Locator.click: Timeout 30000ms exceeded.&#10;Call log:&#10;  - waiting for get_by_role(&quot;textbox&quot;, name=&quot;Username&quot;)">self = &lt;test_feature_login.TestLogin object at 0x7fe97dc8a5d0&gt;
login_page = &lt;pages.feature_login_page.LoginPage object at 0x7fe97d9202d0&gt;

    def test_login_page_object(self, login_page):
&gt;       login_page.login("tomsmith", "SuperSecretPassword!")

tests/test_feature_login.py:7: 
_ _ _ _ _ _ _ _ _ _ _ _ _ _ _ _ _ _ _ _ _ _ _ _ _ _ _ _ _ _ _ _ _ _ _ _ _ _ _ _ 
pages/feature_login_page.py:17: in login
    self.username_input.click()
/opt/hostedtoolcache/Python/3.14.3/x64/lib/python3.14/site-packages/playwright/sync_api/_generated.py:15631: in click
    self._sync(
/opt/hostedtoolcache/Python/3.14.3/x64/lib/python3.14/site-packages/playwright/_impl/_locator.py:162: in click
    return await self._frame._click(self._selector, strict=True, **params)
/opt/hostedtoolcache/Python/3.14.3/x64/lib/python3.14/site-packages/playwright/_impl/_frame.py:566: in _click
    await self._channel.send("click", self._timeout, locals_to_params(locals()))
/opt/hostedtoolcache/Python/3.14.3/x64/lib/python3.14/site-packages/playwright/_impl/_connection.py:69: in send
    return await self._connection.wrap_api_call(
_ _ _ _ _ _ _ _ _ _ _ _ _ _ _ _ _ _ _ _ _ _ _ _ _ _ _ _ _ _ _ _ _ _ _ _ _ _ _ _ 

self = &lt;playwright._impl._connection.Connection object at 0x7fe97dcba270&gt;
cb = &lt;function Channel.send.&lt;locals&gt;.&lt;lambda&gt; at 0x7fe97da528d0&gt;
is_internal = False, title = None

    async def wrap_api_call(
        self, cb: Callable[[], Any], is_internal: bool = False, title: str = None
    ) -&gt; Any:
        if self._api_zone.get():
            return await cb()
        task = asyncio.current_task(self._loop)
        st: List[inspect.FrameInfo] = getattr(
            task, "__pw_stack__", None
        ) or inspect.stack(0)
    
        parsed_st = _extract_stack_trace_information_from_stack(st, is_internal, title)
        self._api_zone.set(parsed_st)
        try:
            return await cb()
        except Exception as error:
&gt;           raise rewrite_error(error, f"{parsed_st['apiName']}: {error}") from None
E           playwright._impl._errors.TimeoutError: Locator.click: Timeout 30000ms exceeded.
E           Call log:
E             - waiting for get_by_role("textbox", name="Username")

/opt/hostedtoolcache/Python/3.14.3/x64/lib/python3.14/site-packages/playwright/_impl/_connection.py:559: TimeoutError</failure></testcase></testsuite></testsuites>