<?xml version="1.0" encoding="utf-8"?><testsuites><testsuite name="pytest" errors="0" failures="0" skipped="0" tests="26" time="74.270" timestamp="2026-03-13T02:00:12.951868" hostname="runnervm0kj6c"><testcase classname="tests.test_marketing_cloud_platform.TestMarketingCloudPlatformNavigation" name="test_navigate_to_platform_page" time="8.701" /><testcase classname="tests.test_marketing_cloud_platform.TestPageContentVerification" name="test_page_contains_product_marketplace_heading" time="8.676" /><testcase classname="tests.test_marketing_cloud_platform.TestProductLearnMoreLinks" name="test_questbrand_learn_more_link_present" time="8.716" /><testcase classname="tests.test_marketing_cloud_platform.TestProductVisibility" name="test_questbrand_product_visible" time="8.686" /><testcase classname="tests.test_marketing_cloud_platform.TestProductLearnMoreLinks" name="test_questdiy_learn_more_link_present" time="4.909" /><testcase classname="tests.test_marketing_cloud_platform.TestProductVisibility" name="test_questdiy_product_visible" time="5.553" /><testcase classname="tests.test_marketing_cloud_platform.TestPageContentVerification" name="test_page_contains_platform_heading" time="5.605" /><testcase classname="tests.test_marketing_cloud_platform.TestMarketingCloudPlatformNavigation" name="test_page_loads_with_category_filters" time="6.571" /><testcase classname="tests.test_marketing_cloud_platform.TestProductVisibility" name="test_bera_ai_product_visible" time="4.811" /><testcase classname="tests.test_marketing_cloud_platform.TestProductLearnMoreLinks" name="test_smartassets_learn_more_link_present" time="5.678" /><testcase classname="tests.test_marketing_cloud_platform.TestSignUpNavigation" name="test_sign_up_link_is_clickable" time="5.779" /><testcase classname="tests.test_marketing_cloud_platform.TestMarketingCloudPlatformNavigation" name="test_page_displays_sign_up_link" time="6.311" /><testcase classname="tests.test_marketing_cloud_platform.TestProductVisibility" name="test_questic_product_visible" time="5.610" /><testcase classname="tests.test_marketing_cloud_platform.TestProductLearnMoreLinks" name="test_cue_learn_more_link_present" time="5.378" /><testcase classname="tests.test_marketing_cloud_platform.TestSignUpNavigation" name="test_sign_up_link_points_to_platform" time="6.638" /><testcase classname="tests.test_marketing_cloud_platform.TestMarketingCloudPlatformNavigation" name="test_page_displays_request_demo_link" time="6.373" /><testcase classname="tests.test_marketing_cloud_platform.TestProductVisibility" name="test_influence_product_visible" time="5.393" /><testcase classname="tests.test_marketing_cloud_platform.TestProductLearnMoreLinks" name="test_tpp_insights_learn_more_link_present" time="5.310" /><testcase classname="tests.test_marketing_cloud_platform.TestDemoRequestLink" name="test_request_demo_link_is_clickable" time="6.372" /><testcase classname="tests.test_marketing_cloud_platform.TestCategoryNavigation" name="test_all_products_filter_text_visible" time="6.679" /><testcase classname="tests.test_marketing_cloud_platform.TestProductVisibility" name="test_smartassets_product_visible" time="4.706" /><testcase classname="tests.test_marketing_cloud_platform.TestProductLearnMoreLinks" name="test_influence_learn_more_link_present" time="4.852" /><testcase classname="tests.test_marketing_cloud_platform.TestDemoRequestLink" name="test_request_demo_link_navigates" time="4.964" /><testcase classname="tests.test_marketing_cloud_platform.TestProductLearnMoreLinks" name="test_bera_ai_learn_more_link_present" time="3.878" /><testcase classname="tests.test_marketing_cloud_platform.TestProductVisibility" name="test_cue_product_visible" time="3.582" /><testcase classname="tests.test_marketing_cloud_platform.TestProductVisibility" name="test_tpp_insights_product_visible" time="2.659" /></testsuite></testsuites>